#
# A fatal error has been detected by the Java Runtime Environment:
#
#  EXCEPTION_ACCESS_VIOLATION (0xc0000005) at pc=0x00000000050e3dc4, pid=18356, tid=0x0000000000001b68
#
# JRE version: Java(TM) SE Runtime Environment (8.0_144-b01) (build 1.8.0_144-b01)
# Java VM: Java HotSpot(TM) 64-Bit Server VM (25.144-b01 mixed mode windows-amd64 compressed oops)
# Problematic frame:
# j  java.lang.String.valueOf(Ljava/lang/Object;)Ljava/lang/String;+10
#
# Failed to write core dump. Minidumps are not enabled by default on client versions of Windows
#
# If you would like to submit a bug report, please visit:
#   http://bugreport.java.com/bugreport/crash.jsp
#

---------------  T H R E A D  ---------------

Current thread (0x0000000004fbd800):  JavaThread "main" [_thread_in_Java, id=7016, stack(0x0000000004ea0000,0x0000000004fa0000)]

siginfo: ExceptionCode=0xc0000005, reading address 0x000000066e6e6e70

Registers:
RAX=0x0000000000000000, RBX=0x0000000000000002, RCX=0x000000066e6e6e68, RDX=0x0000000080000001
RSP=0x0000000004f9f778, RBP=0x0000000004f9f7c8, RSI=0x0000000000000000, RDI=0x0000000000000000
R8 =0x0000000000000004, R9 =0x0000000004fb7f80, R10=0x000000006469f240, R11=0x0000000005016180
R12=0x0000000000000000, R13=0x000000001e1d6be2, R14=0x0000000004f9f7d8, R15=0x0000000004fbd800
RIP=0x00000000050e3dc4, EFLAGS=0x0000000000010246

Top of Stack: (sp=0x0000000004f9f778)
0x0000000004f9f778:   00000000050c80e0 000000066e6e6e68
0x0000000004f9f788:   0000000004f9f788 000000001e1d6be2
0x0000000004f9f798:   0000000004f9f7d8 000000001e277cf0
0x0000000004f9f7a8:   0000000000000000 000000001e1d6be8
0x0000000004f9f7b8:   0000000000000000 0000000004f9f7d8
0x0000000004f9f7c8:   0000000004f9f828 00000000050c80e0
0x0000000004f9f7d8:   000000066e6e6e68 000000076b1b06c8
0x0000000004f9f7e8:   0000000004f9f7e8 000000001e2e8f69
0x0000000004f9f7f8:   0000000004f9f850 000000001e2ea568
0x0000000004f9f808:   0000000000000000 000000001e2e8f90
0x0000000004f9f818:   0000000004f9f7d8 0000000004f9f850
0x0000000004f9f828:   0000000004f9f8a8 00000000050c80e0
0x0000000004f9f838:   0000000000000000 000000076b1b06c8
0x0000000004f9f848:   0000000000000063 000000076b1b0318
0x0000000004f9f858:   000000076b1b04b8 000000076af12ca8
0x0000000004f9f868:   0000000004f9f868 000000001e5d055e 

Instructions: (pc=0x00000000050e3dc4)
0x00000000050e3da4:   10 4c 8b 68 d8 41 83 ed 04 41 c1 e5 03 49 03 c5
0x00000000050e3db4:   48 89 45 e0 4c 8d 6c 24 08 4c 89 6d f0 ff 63 50
0x00000000050e3dc4:   8b 41 08 48 c1 e0 03 4c 8b 75 e0 4d 85 f6 0f 84
0x00000000050e3dd4:   95 00 00 00 49 8b 56 10 48 3b d0 0f 85 0f 00 00 


Register to memory mapping:

RAX=0x0000000000000000 is an unknown value
RBX=0x0000000000000002 is an unknown value
RCX=0x000000066e6e6e68 is an unknown value
RDX=0x0000000080000001 is an unknown value
RSP=0x0000000004f9f778 is pointing into the stack for thread: 0x0000000004fbd800
RBP=0x0000000004f9f7c8 is pointing into the stack for thread: 0x0000000004fbd800
RSI=0x0000000000000000 is an unknown value
RDI=0x0000000000000000 is an unknown value
R8 =0x0000000000000004 is an unknown value
R9 =0x0000000004fb7f80 is an unknown value
R10=0x000000006469f240 is an unknown value
R11=0x0000000005016180 is an unknown value
R12=0x0000000000000000 is an unknown value
R13=0x000000001e1d6be2 is pointing into metadata
R14=0x0000000004f9f7d8 is pointing into the stack for thread: 0x0000000004fbd800
R15=0x0000000004fbd800 is a thread


Stack: [0x0000000004ea0000,0x0000000004fa0000],  sp=0x0000000004f9f778,  free space=1021k
Native frames: (J=compiled Java code, j=interpreted, Vv=VM code, C=native code)
C  0x00000000050e3dc4


---------------  P R O C E S S  ---------------

Java Threads: ( => current thread )
  0x0000000020b7d800 JavaThread "Service Thread" daemon [_thread_blocked, id=19208, stack(0x00000000217a0000,0x00000000218a0000)]
  0x0000000020af6800 JavaThread "C1 CompilerThread3" daemon [_thread_blocked, id=3788, stack(0x00000000216a0000,0x00000000217a0000)]
  0x0000000020ae9800 JavaThread "C2 CompilerThread2" daemon [_thread_blocked, id=12504, stack(0x00000000215a0000,0x00000000216a0000)]
  0x0000000020adc800 JavaThread "C2 CompilerThread1" daemon [_thread_blocked, id=16804, stack(0x00000000214a0000,0x00000000215a0000)]
  0x0000000020ada000 JavaThread "C2 CompilerThread0" daemon [_thread_blocked, id=16060, stack(0x00000000213a0000,0x00000000214a0000)]
  0x0000000020ad9000 JavaThread "Attach Listener" daemon [_thread_blocked, id=14392, stack(0x00000000212a0000,0x00000000213a0000)]
  0x0000000020ad8000 JavaThread "Signal Dispatcher" daemon [_thread_blocked, id=15132, stack(0x00000000211a0000,0x00000000212a0000)]
  0x0000000020ad0800 JavaThread "Finalizer" daemon [_thread_blocked, id=18052, stack(0x0000000020eb0000,0x0000000020fb0000)]
  0x00000000050b8800 JavaThread "Reference Handler" daemon [_thread_blocked, id=16024, stack(0x00000000209b0000,0x0000000020ab0000)]
=>0x0000000004fbd800 JavaThread "main" [_thread_in_Java, id=7016, stack(0x0000000004ea0000,0x0000000004fa0000)]

Other Threads:
  0x000000001ebba000 VMThread [stack: 0x00000000208b0000,0x00000000209b0000] [id=3684]
  0x0000000020b9f800 WatcherThread [stack: 0x00000000218a0000,0x00000000219a0000] [id=12112]

VM state:not at safepoint (normal execution)

VM Mutex/Monitor currently owned by a thread: None

Heap:
 PSYoungGen      total 76288K, used 3932K [0x000000076af00000, 0x0000000770400000, 0x00000007c0000000)
  eden space 65536K, 6% used [0x000000076af00000,0x000000076b2d73d8,0x000000076ef00000)
  from space 10752K, 0% used [0x000000076f980000,0x000000076f980000,0x0000000770400000)
  to   space 10752K, 0% used [0x000000076ef00000,0x000000076ef00000,0x000000076f980000)
 ParOldGen       total 175104K, used 0K [0x00000006c0c00000, 0x00000006cb700000, 0x000000076af00000)
  object space 175104K, 0% used [0x00000006c0c00000,0x00000006c0c00000,0x00000006cb700000)
 Metaspace       used 3467K, capacity 4728K, committed 4864K, reserved 1056768K
  class space    used 396K, capacity 424K, committed 512K, reserved 1048576K

Card table byte_map: [0x0000000014480000,0x0000000014c80000] byte_map_base: 0x0000000010e7a000

Marking Bits: (ParMarkBitMap*) 0x00000000646bd850
 Begin Bits: [0x00000000159e0000, 0x00000000199b0000)
 End Bits:   [0x00000000199b0000, 0x000000001d980000)

Polling page: 0x0000000003630000

CodeCache: size=245760Kb used=1275Kb max_used=1275Kb free=244484Kb
 bounds [0x00000000050c0000, 0x0000000005330000, 0x00000000140c0000]
 total_blobs=362 nmethods=106 adapters=169
 compilation: enabled

Compilation events (10 events):
Event: 0.352 Thread 0x0000000020af6800 nmethod 99 0x00000000051fbf50 code [0x00000000051fc0a0, 0x00000000051fc190]
Event: 0.353 Thread 0x0000000020af6800  100       3       java.nio.Buffer::checkIndex (22 bytes)
Event: 0.353 Thread 0x0000000020af6800 nmethod 100 0x00000000051fc210 code [0x00000000051fc380, 0x00000000051fc608]
Event: 0.353 Thread 0x0000000020af6800  101       3       java.nio.DirectLongBufferU::ix (10 bytes)
Event: 0.353 Thread 0x0000000020af6800 nmethod 101 0x00000000051fc710 code [0x00000000051fc860, 0x00000000051fc9d0]
Event: 0.354 Thread 0x0000000020af6800  102       3       sun.misc.FDBigInteger::mult (64 bytes)
Event: 0.355 Thread 0x0000000020af6800 nmethod 102 0x00000000051fd850 code [0x00000000051fd9c0, 0x00000000051fdc50]
Event: 0.355 Thread 0x0000000020af6800  103       3       sun.misc.FDBigInteger::<init> (30 bytes)
Event: 0.355 Thread 0x0000000020af6800 nmethod 103 0x00000000051fdf10 code [0x00000000051fe080, 0x00000000051fe2a8]
Event: 0.355 Thread 0x0000000020af6800  104       3       sun.misc.FDBigInteger::mult (44 bytes)

GC Heap History (0 events):
No events

Deoptimization events (0 events):
No events

Internal exceptions (6 events):
Event: 0.028 Thread 0x0000000004fbd800 Exception <a 'java/lang/NoSuchMethodError': Method sun.misc.Unsafe.defineClass(Ljava/lang/String;[BII)Ljava/lang/Class; name or signature does not match> (0x000000076af07ca8) thrown at [C:\re\workspace\8-2-build-windows-amd64-cygwin\jdk8u144\9417\hotspot\
Event: 0.028 Thread 0x0000000004fbd800 Exception <a 'java/lang/NoSuchMethodError': Method sun.misc.Unsafe.prefetchRead(Ljava/lang/Object;J)V name or signature does not match> (0x000000076af07f90) thrown at [C:\re\workspace\8-2-build-windows-amd64-cygwin\jdk8u144\9417\hotspot\src\share\vm\prims
Event: 0.086 Thread 0x0000000004fbd800 Exception <a 'java/security/PrivilegedActionException'> (0x000000076af8d540) thrown at [C:\re\workspace\8-2-build-windows-amd64-cygwin\jdk8u144\9417\hotspot\src\share\vm\prims\jvm.cpp, line 1390]
Event: 0.086 Thread 0x0000000004fbd800 Exception <a 'java/security/PrivilegedActionException'> (0x000000076af8d750) thrown at [C:\re\workspace\8-2-build-windows-amd64-cygwin\jdk8u144\9417\hotspot\src\share\vm\prims\jvm.cpp, line 1390]
Event: 0.087 Thread 0x0000000004fbd800 Exception <a 'java/security/PrivilegedActionException'> (0x000000076af913c0) thrown at [C:\re\workspace\8-2-build-windows-amd64-cygwin\jdk8u144\9417\hotspot\src\share\vm\prims\jvm.cpp, line 1390]
Event: 0.087 Thread 0x0000000004fbd800 Exception <a 'java/security/PrivilegedActionException'> (0x000000076af915d0) thrown at [C:\re\workspace\8-2-build-windows-amd64-cygwin\jdk8u144\9417\hotspot\src\share\vm\prims\jvm.cpp, line 1390]

Events (10 events):
Event: 0.354 loading class sun/misc/FloatingDecimal$1
Event: 0.354 loading class sun/misc/FloatingDecimal$1 done
Event: 0.354 loading class sun/misc/FloatingDecimal$PreparedASCIIToBinaryBuffer
Event: 0.354 loading class sun/misc/FloatingDecimal$ASCIIToBinaryConverter
Event: 0.354 loading class sun/misc/FloatingDecimal$ASCIIToBinaryConverter done
Event: 0.354 loading class sun/misc/FloatingDecimal$PreparedASCIIToBinaryBuffer done
Event: 0.354 loading class sun/misc/FDBigInteger
Event: 0.354 loading class sun/misc/FDBigInteger done
Event: 0.355 loading class java/util/LinkedList$ListItr
Event: 0.355 loading class java/util/LinkedList$ListItr done


Dynamic libraries:
0x00007ff620360000 - 0x00007ff620397000 	T:\Program Files\Java\jre1.8.0_144\bin\javaw.exe
0x00007ffbb6760000 - 0x00007ffbb6940000 	T:\WINDOWS\SYSTEM32\ntdll.dll
0x00007ffb8e240000 - 0x00007ffb8e274000 	T:\Program Files\AVAST Software\Avast\x64\aswhooka.dll
0x00007ffbb5de0000 - 0x00007ffbb5e8e000 	T:\WINDOWS\System32\KERNEL32.DLL
0x00007ffbb2da0000 - 0x00007ffbb3006000 	T:\WINDOWS\System32\KERNELBASE.dll
0x00007ffbb4510000 - 0x00007ffbb45b1000 	T:\WINDOWS\System32\ADVAPI32.dll
0x00007ffbb6690000 - 0x00007ffbb672d000 	T:\WINDOWS\System32\msvcrt.dll
0x00007ffbb44b0000 - 0x00007ffbb450b000 	T:\WINDOWS\System32\sechost.dll
0x00007ffbb41f0000 - 0x00007ffbb430f000 	T:\WINDOWS\System32\RPCRT4.dll
0x00007ffbb4310000 - 0x00007ffbb449f000 	T:\WINDOWS\System32\USER32.dll
0x00007ffbb2be0000 - 0x00007ffbb2c00000 	T:\WINDOWS\System32\win32u.dll
0x00007ffbb5e90000 - 0x00007ffbb5eb8000 	T:\WINDOWS\System32\GDI32.dll
0x00007ffbb2c00000 - 0x00007ffbb2d93000 	T:\WINDOWS\System32\gdi32full.dll
0x00007ffbb3b90000 - 0x00007ffbb3c2b000 	T:\WINDOWS\System32\msvcp_win.dll
0x00007ffbb3a90000 - 0x00007ffbb3b86000 	T:\WINDOWS\System32\ucrtbase.dll
0x00007ffba4460000 - 0x00007ffba46c9000 	T:\WINDOWS\WinSxS\amd64_microsoft.windows.common-controls_6595b64144ccf1df_6.0.16299.192_none_15c8cdae9364c23b\COMCTL32.dll
0x00007ffbb60b0000 - 0x00007ffbb63b8000 	T:\WINDOWS\System32\combase.dll
0x00007ffbb2b60000 - 0x00007ffbb2bd2000 	T:\WINDOWS\System32\bcryptPrimitives.dll
0x00007ffbb6600000 - 0x00007ffbb662d000 	T:\WINDOWS\System32\IMM32.DLL
0x00000000657e0000 - 0x00000000658b2000 	T:\Program Files\Java\jre1.8.0_144\bin\msvcr100.dll
0x0000000063ea0000 - 0x000000006473d000 	T:\Program Files\Java\jre1.8.0_144\bin\server\jvm.dll
0x00007ffbb44a0000 - 0x00007ffbb44a8000 	T:\WINDOWS\System32\PSAPI.DLL
0x00007ffbaf030000 - 0x00007ffbaf039000 	T:\WINDOWS\SYSTEM32\WSOCK32.dll
0x00007ffbb5f70000 - 0x00007ffbb5fdc000 	T:\WINDOWS\System32\WS2_32.dll
0x00007ffbaa940000 - 0x00007ffbaa963000 	T:\WINDOWS\SYSTEM32\WINMM.dll
0x00007ffba8a20000 - 0x00007ffba8a2a000 	T:\WINDOWS\SYSTEM32\VERSION.dll
0x00007ffbaa8e0000 - 0x00007ffbaa90a000 	T:\WINDOWS\SYSTEM32\WINMMBASE.dll
0x00007ffbb3870000 - 0x00007ffbb38ba000 	T:\WINDOWS\System32\cfgmgr32.dll
0x0000000064ef0000 - 0x0000000064eff000 	T:\Program Files\Java\jre1.8.0_144\bin\verify.dll
0x0000000064ec0000 - 0x0000000064ee9000 	T:\Program Files\Java\jre1.8.0_144\bin\java.dll
0x0000000063e80000 - 0x0000000063e96000 	T:\Program Files\Java\jre1.8.0_144\bin\zip.dll
0x00007ffbb4930000 - 0x00007ffbb5d66000 	T:\WINDOWS\System32\SHELL32.dll
0x00007ffbb5ec0000 - 0x00007ffbb5f66000 	T:\WINDOWS\System32\shcore.dll
0x00007ffbb3120000 - 0x00007ffbb3867000 	T:\WINDOWS\System32\windows.storage.dll
0x00007ffbb48b0000 - 0x00007ffbb4901000 	T:\WINDOWS\System32\shlwapi.dll
0x00007ffbb2b40000 - 0x00007ffbb2b51000 	T:\WINDOWS\System32\kernel.appcore.dll
0x00007ffbb2ad0000 - 0x00007ffbb2b1c000 	T:\WINDOWS\System32\powrprof.dll
0x00007ffbb2ab0000 - 0x00007ffbb2acb000 	T:\WINDOWS\System32\profapi.dll
0x0000000063e60000 - 0x0000000063e7a000 	T:\Program Files\Java\jre1.8.0_144\bin\net.dll
0x00007ffbb22e0000 - 0x00007ffbb2346000 	T:\WINDOWS\system32\mswsock.dll
0x0000000063e40000 - 0x0000000063e51000 	T:\Program Files\Java\jre1.8.0_144\bin\nio.dll
0x00007ffb76020000 - 0x00007ffb7700d000 	T:\Users\Thomy\AppData\Local\Temp\giutility.dll
0x00007ffbb38c0000 - 0x00007ffbb3a8e000 	T:\WINDOWS\System32\CRYPT32.dll
0x00007ffbb2b20000 - 0x00007ffbb2b32000 	T:\WINDOWS\System32\MSASN1.dll
0x00007ffbb4760000 - 0x00007ffbb48a9000 	T:\WINDOWS\System32\ole32.dll
0x00007ffbb2070000 - 0x00007ffbb20a9000 	T:\WINDOWS\SYSTEM32\IPHLPAPI.DLL
0x00007ffb86c40000 - 0x00007ffb86d10000 	T:\Users\Thomy\AppData\Local\Temp\GInsData_Kafka_Converter.dll
0x00007ffba1600000 - 0x00007ffba17c8000 	T:\WINDOWS\SYSTEM32\dbghelp.dll

VM Arguments:
jvm_args: -Djava.library.path=T:\Users\Thomy\eclipse-workspace\gi-kafka-converter\lib -Dfile.encoding=UTF-8 
java_command: gi.kafka.App -Djava.library.path=./lib/
java_class_path (initial): T:\Users\Thomy\eclipse-workspace\gi-kafka-converter\target\classes;T:\Users\Thomy\.m2\repository\org\msgpack\jackson-dataformat-msgpack\0.8.14\jackson-dataformat-msgpack-0.8.14.jar;T:\Users\Thomy\.m2\repository\org\msgpack\msgpack-core\0.8.14\msgpack-core-0.8.14.jar;T:\Users\Thomy\.m2\repository\commons-io\commons-io\1.3.2\commons-io-1.3.2.jar;T:\Users\Thomy\.m2\repository\com\fasterxml\jackson\core\jackson-databind\2.9.3\jackson-databind-2.9.3.jar;T:\Users\Thomy\.m2\repository\com\fasterxml\jackson\core\jackson-annotations\2.9.0\jackson-annotations-2.9.0.jar;T:\Users\Thomy\.m2\repository\com\fasterxml\jackson\core\jackson-core\2.9.3\jackson-core-2.9.3.jar
Launcher Type: SUN_STANDARD

Environment Variables:
PATH=T:/Program Files/Java/jre1.8.0_144/bin/server;T:/Program Files/Java/jre1.8.0_144/bin;T:/Program Files/Java/jre1.8.0_144/lib/amd64;T:\ProgramData\Oracle\Java\javapath;T:\Program Files\NVIDIA GPU Computing Toolkit\CUDA\v8.0\bin;T:\Program Files\NVIDIA GPU Computing Toolkit\CUDA\v8.0\libnvvp;T:\Program Files\Java\jdk1.8.0_112\bin;T:\Windows\system32;T:\Windows;T:\Windows\System32\Wbem;T:\Windows\System32\WindowsPowerShell\v1.0\;T:\Program Files (x86)\GTK2-Runtime\bin;T:\Program Files (x86)\MiKTeX 2.9\miktex\bin\;T:\Program Files\Git\cmd;T:\WINDOWS\system32;T:\WINDOWS;T:\WINDOWS\System32\Wbem;T:\WINDOWS\System32\WindowsPowerShell\v1.0\;T:\xampp\php;T:\Program Files\TortoiseSVN\bin;T:\Program Files\nodejs\;T:\Program Files\Microsoft SQL Server\110\Tools\Binn\;T:\Program Files (x86)\Microsoft SDKs\TypeScript\1.0\;T:\Program Files\Microsoft SQL Server\120\Tools\Binn\;T:\Program Files\Amazon\AWSCLI\;T:\Program Files (x86)\NVIDIA Corporation\PhysX\Common;T:\WINDOWS\system32;T:\WINDOWS;T:\WINDOWS\System32\Wbem;T:\WINDOWS\System32\WindowsPowerShell\v1.0\;T:\Users\Thomy\Anaconda3;T:\Users\Thomy\Anaconda3\Scripts;T:\Users\Thomy\Anaconda3\Library\bin;T:\Program Files\Java\jdk1.8.0_112\bin;T:\Users\Thomy\bin\Sencha\Cmd;T:\Users\Thomy\AppData\Local\Microsoft\WindowsApps;T:\Users\Thomy\AppData\Roaming\Dashlane\4.6.5.21982\bin\Firefox_Extension\{442718d9-475e-452a-b3e1-fb1ee16b8e9f}\components;T:\Users\Thomy\AppData\Roaming\npm;T:\Program Files (x86)\Sophos\Sophos SSL VPN Client\bin;T:\Users\Thomy\AppData\Roaming\Dashlane\4.6.6.23032\bin\Firefox_Extension\{442718d9-475e-452a-b3e1-fb1ee16b8e9f}\components;T:\Program Files (x86)\Microsoft Visual Studio 12.0\VC\bin;T:\mingw64\bin;%DASHLANE_DLL_DIR%;T:\WINDOWS\System32;
USERNAME=Thomy
OS=Windows_NT
PROCESSOR_IDENTIFIER=Intel64 Family 6 Model 58 Stepping 9, GenuineIntel



---------------  S Y S T E M  ---------------

OS: Windows 10.0 , 64 bit Build 16299 (10.0.16299.15)

CPU:total 8 (initial active 8) (4 cores per cpu, 2 threads per core) family 6 model 58 stepping 9, cmov, cx8, fxsr, mmx, sse, sse2, sse3, ssse3, sse4.1, sse4.2, popcnt, avx, aes, clmul, erms, ht, tsc, tscinvbit, tscinv

Memory: 4k page, physical 16724352k(8270456k free), swap 22229376k(8987360k free)

vm_info: Java HotSpot(TM) 64-Bit Server VM (25.144-b01) for windows-amd64 JRE (1.8.0_144-b01), built on Jul 21 2017 21:57:33 by "java_re" with MS VC++ 10.0 (VS2010)

time: Wed Jan 24 14:30:55 2018
elapsed time: 0 seconds (0d 0h 0m 0s)

